2024-11-11T15:10:00.301Z [INFO]: Starting task reminder job...
2024-11-11T15:10:00.323Z [INFO]: Found 2 tasks due tomorrow.
2024-11-11T15:10:00.325Z [INFO]: Preparing to send email to: jonathanabi444@gmail.com for task: Belajar UTS Big Data
2024-11-11T15:10:00.330Z [INFO]: Preparing to send email to: jonathanabi444@gmail.com for task: akwadawda
2024-11-11T15:10:00.333Z [INFO]: Task reminder job completed successfully.
2024-11-11T15:10:03.124Z [INFO]: Email sent to jonathanabi444@gmail.com
2024-11-11T15:10:03.125Z [INFO]: Email sent to jonathanabi444@gmail.com
2024-11-11T15:10:03.547Z [INFO]: Email sent to jonathanabi444@gmail.com
2024-11-11T15:10:03.548Z [INFO]: Email sent to jonathanabi444@gmail.com
2024-11-11T15:20:00.455Z [INFO]: Starting task reminder job...
2024-11-11T15:20:00.467Z [INFO]: Found 0 tasks due tomorrow.
2024-11-11T15:20:00.468Z [INFO]: Task reminder job completed successfully.
2024-11-12T05:25:00.887Z [INFO]: Starting task reminder job...
2024-11-12T05:25:00.900Z [INFO]: Found 1 tasks due tomorrow.
2024-11-12T05:25:00.901Z [INFO]: Preparing to send email to: jonathanabi444@gmail.com for task: Create next project portofolio
2024-11-12T05:25:00.907Z [INFO]: Task reminder job completed successfully.
2024-11-12T05:25:04.322Z [INFO]: Email sent to jonathanabi444@gmail.com
2024-11-12T05:30:00.891Z [INFO]: Starting task reminder job...
2024-11-12T05:30:00.896Z [INFO]: Found 0 tasks due tomorrow.
2024-11-12T05:30:00.896Z [INFO]: Task reminder job completed successfully.
2024-11-12T05:35:00.988Z [INFO]: Starting task reminder job...
2024-11-12T05:35:00.991Z [INFO]: Found 0 tasks due tomorrow.
2024-11-12T05:35:00.992Z [INFO]: Task reminder job completed successfully.
2024-11-12T05:45:00.989Z [INFO]: Starting task reminder job...
2024-11-12T05:45:00.993Z [INFO]: Found 0 tasks due tomorrow.
2024-11-12T05:45:00.994Z [INFO]: Task reminder job completed successfully.
2024-11-12T05:50:00.044Z [INFO]: Starting task reminder job...
2024-11-12T05:50:00.048Z [INFO]: Found 0 tasks due tomorrow.
2024-11-12T05:50:00.049Z [INFO]: Task reminder job completed successfully.
2024-11-12T05:55:00.626Z [INFO]: Starting task reminder job...
2024-11-12T05:55:00.634Z [INFO]: Found 0 tasks due tomorrow.
2024-11-12T05:55:00.635Z [INFO]: Task reminder job completed successfully.
2024-11-12T06:00:00.598Z [INFO]: Starting task reminder job...
2024-11-12T06:00:00.603Z [INFO]: Found 0 tasks due tomorrow.
2024-11-12T06:00:00.604Z [INFO]: Task reminder job completed successfully.
2024-11-12T06:05:00.747Z [INFO]: Starting task reminder job...
2024-11-12T06:05:00.751Z [INFO]: Found 0 tasks due tomorrow.
2024-11-12T06:05:00.751Z [INFO]: Task reminder job completed successfully.
2024-11-12T06:10:00.865Z [INFO]: Starting task reminder job...
2024-11-12T06:10:00.869Z [INFO]: Found 0 tasks due tomorrow.
2024-11-12T06:10:00.870Z [INFO]: Task reminder job completed successfully.
2024-11-12T06:15:00.961Z [INFO]: Starting task reminder job...
2024-11-12T06:15:00.965Z [INFO]: Found 0 tasks due tomorrow.
2024-11-12T06:15:00.966Z [INFO]: Task reminder job completed successfully.
2024-11-12T06:20:00.254Z [INFO]: Starting task reminder job...
2024-11-12T06:20:00.270Z [INFO]: Found 0 tasks due tomorrow.
2024-11-12T06:20:00.270Z [INFO]: Task reminder job completed successfully.
2024-11-12T06:25:00.555Z [INFO]: Starting task reminder job...
2024-11-12T06:25:00.567Z [INFO]: Found 0 tasks due tomorrow.
2024-11-12T06:25:00.568Z [INFO]: Task reminder job completed successfully.
2024-11-12T06:30:00.593Z [INFO]: Starting task reminder job...
2024-11-12T06:30:00.597Z [INFO]: Found 0 tasks due tomorrow.
2024-11-12T06:30:00.598Z [INFO]: Task reminder job completed successfully.
2024-11-12T06:35:00.709Z [INFO]: Starting task reminder job...
2024-11-12T06:35:00.714Z [INFO]: Found 0 tasks due tomorrow.
2024-11-12T06:35:00.714Z [INFO]: Task reminder job completed successfully.
2024-11-12T06:40:00.811Z [INFO]: Starting task reminder job...
2024-11-12T06:40:00.815Z [INFO]: Found 0 tasks due tomorrow.
2024-11-12T06:40:00.816Z [INFO]: Task reminder job completed successfully.
2024-11-12T06:45:00.851Z [INFO]: Starting task reminder job...
2024-11-12T06:45:00.855Z [INFO]: Found 0 tasks due tomorrow.
2024-11-12T06:45:00.856Z [INFO]: Task reminder job completed successfully.
2024-11-12T06:50:00.866Z [INFO]: Starting task reminder job...
2024-11-12T06:50:00.869Z [INFO]: Found 0 tasks due tomorrow.
2024-11-12T06:50:00.869Z [INFO]: Task reminder job completed successfully.
2024-11-12T06:55:00.904Z [INFO]: Starting task reminder job...
2024-11-12T06:55:00.907Z [INFO]: Found 0 tasks due tomorrow.
2024-11-12T06:55:00.908Z [INFO]: Task reminder job completed successfully.
2024-11-12T07:00:00.033Z [INFO]: Starting task reminder job...
2024-11-12T07:00:00.036Z [INFO]: Found 0 tasks due tomorrow.
2024-11-12T07:00:00.037Z [INFO]: Task reminder job completed successfully.
2024-11-12T07:05:00.110Z [INFO]: Starting task reminder job...
2024-11-12T07:05:00.114Z [INFO]: Found 0 tasks due tomorrow.
2024-11-12T07:05:00.114Z [INFO]: Task reminder job completed successfully.
2024-11-12T07:10:00.080Z [INFO]: Starting task reminder job...
2024-11-12T07:10:00.089Z [INFO]: Found 0 tasks due tomorrow.
2024-11-12T07:10:00.089Z [INFO]: Task reminder job completed successfully.
2024-11-12T07:15:00.110Z [INFO]: Starting task reminder job...
2024-11-12T07:15:00.114Z [INFO]: Found 0 tasks due tomorrow.
2024-11-12T07:15:00.115Z [INFO]: Task reminder job completed successfully.
2024-11-12T07:20:00.774Z [INFO]: Starting task reminder job...
2024-11-12T07:20:00.784Z [INFO]: Found 0 tasks due tomorrow.
2024-11-12T07:20:00.785Z [INFO]: Task reminder job completed successfully.
2024-11-12T07:25:00.989Z [INFO]: Starting task reminder job...
2024-11-12T07:25:00.992Z [INFO]: Found 0 tasks due tomorrow.
2024-11-12T07:25:00.993Z [INFO]: Task reminder job completed successfully.
2024-11-12T07:30:00.479Z [INFO]: Starting task reminder job...
2024-11-12T07:30:00.485Z [INFO]: Found 0 tasks due tomorrow.
2024-11-12T07:30:00.485Z [INFO]: Task reminder job completed successfully.
2024-11-12T07:35:00.584Z [INFO]: Starting task reminder job...
2024-11-12T07:35:00.587Z [INFO]: Found 0 tasks due tomorrow.
2024-11-12T07:35:00.588Z [INFO]: Task reminder job completed successfully.
2024-11-12T07:40:00.585Z [INFO]: Starting task reminder job...
2024-11-12T07:40:00.598Z [INFO]: Found 0 tasks due tomorrow.
2024-11-12T07:40:00.598Z [INFO]: Task reminder job completed successfully.
2024-11-12T07:45:00.712Z [INFO]: Starting task reminder job...
2024-11-12T07:45:00.726Z [INFO]: Found 0 tasks due tomorrow.
2024-11-12T07:45:00.727Z [INFO]: Task reminder job completed successfully.
2024-11-12T07:50:00.069Z [INFO]: Starting task reminder job...
2024-11-12T07:50:00.075Z [INFO]: Found 0 tasks due tomorrow.
2024-11-12T07:50:00.076Z [INFO]: Task reminder job completed successfully.
